[debug] [2026-03-01T12:59:28.197Z] ----------------------------------------------------------------------
[debug] [2026-03-01T12:59:28.199Z] Command:       C:\Program Files\nodejs\node.exe C:\Users\tetsu\projects\dsf\node_modules\firebase-tools\lib\bin\firebase.js deploy --project staging
[debug] [2026-03-01T12:59:28.199Z] CLI Version:   15.5.1
[debug] [2026-03-01T12:59:28.199Z] Platform:      win32
[debug] [2026-03-01T12:59:28.200Z] Node Version:  v24.13.0
[debug] [2026-03-01T12:59:28.200Z] Time:          Sun Mar 01 2026 21:59:28 GMT+0900 (日本標準時)
[debug] [2026-03-01T12:59:28.200Z] ----------------------------------------------------------------------
[debug] 
[debug] [2026-03-01T12:59:28.201Z] >>> [apiv2][query] GET https://firebase-public.firebaseio.com/cli.json [none]
[debug] [2026-03-01T12:59:30.381Z] > command requires scopes: ["email","openid","https://www.googleapis.com/auth/cloudplatformprojects.readonly","https://www.googleapis.com/auth/firebase","https://www.googleapis.com/auth/cloud-platform"]
[debug] [2026-03-01T12:59:30.382Z] > authorizing via signed-in user (tetsujiriver@gmail.com)
[debug] [2026-03-01T12:59:30.382Z] [iam] checking project vmnn-26345-stg for permissions ["datastore.indexes.create","datastore.indexes.delete","datastore.indexes.list","datastore.indexes.update","firebase.projects.get","firebasehosting.sites.update","firebaserules.releases.create","firebaserules.releases.update","firebaserules.rulesets.create"]
[debug] [2026-03-01T12:59:30.383Z] Checked if tokens are valid: false, expires at: 1772327696102
[debug] [2026-03-01T12:59:30.383Z] Checked if tokens are valid: false, expires at: 1772327696102
[debug] [2026-03-01T12:59:30.383Z] > refreshing access token with scopes: []
[debug] [2026-03-01T12:59:30.384Z] >>> [apiv2][query] POST https://www.googleapis.com/oauth2/v3/token [none]
[debug] [2026-03-01T12:59:30.384Z] >>> [apiv2][body] POST https://www.googleapis.com/oauth2/v3/token [omitted]
[debug] [2026-03-01T12:59:30.503Z] <<< [apiv2][status] POST https://www.googleapis.com/oauth2/v3/token 200
[debug] [2026-03-01T12:59:30.503Z] <<< [apiv2][body] POST https://www.googleapis.com/oauth2/v3/token [omitted]
[debug] [2026-03-01T12:59:30.508Z] >>> [apiv2][query] POST https://cloudresourcemanager.googleapis.com/v1/projects/vmnn-26345-stg:testIamPermissions [none]
[debug] [2026-03-01T12:59:30.508Z] >>> [apiv2][(partial)header] POST https://cloudresourcemanager.googleapis.com/v1/projects/vmnn-26345-stg:testIamPermissions  x-goog-user-project=vmnn-26345-stg
[debug] [2026-03-01T12:59:30.508Z] >>> [apiv2][body] POST https://cloudresourcemanager.googleapis.com/v1/projects/vmnn-26345-stg:testIamPermissions {"permissions":["datastore.indexes.create","datastore.indexes.delete","datastore.indexes.list","datastore.indexes.update","firebase.projects.get","firebasehosting.sites.update","firebaserules.releases.create","firebaserules.releases.update","firebaserules.rulesets.create"]}
[debug] [2026-03-01T12:59:30.726Z] <<< [apiv2][status] GET https://firebase-public.firebaseio.com/cli.json 200
[debug] [2026-03-01T12:59:30.726Z] <<< [apiv2][body] GET https://firebase-public.firebaseio.com/cli.json {"cloudBuildErrorAfter":1594252800000,"cloudBuildWarnAfter":1590019200000,"defaultNode10After":1594252800000,"minVersion":"3.0.5","node8DeploysDisabledAfter":1613390400000,"node8RuntimeDisabledAfter":1615809600000,"node8WarnAfter":1600128000000}
[debug] [2026-03-01T12:59:31.268Z] <<< [apiv2][status] POST https://cloudresourcemanager.googleapis.com/v1/projects/vmnn-26345-stg:testIamPermissions 200
[debug] [2026-03-01T12:59:31.268Z] <<< [apiv2][body] POST https://cloudresourcemanager.googleapis.com/v1/projects/vmnn-26345-stg:testIamPermissions {"permissions":["datastore.indexes.create","datastore.indexes.delete","datastore.indexes.list","datastore.indexes.update","firebase.projects.get","firebasehosting.sites.update","firebaserules.releases.create","firebaserules.releases.update","firebaserules.rulesets.create"]}
[debug] [2026-03-01T12:59:31.269Z] Checked if tokens are valid: true, expires at: 1772373569503
[debug] [2026-03-01T12:59:31.269Z] Checked if tokens are valid: true, expires at: 1772373569503
[debug] [2026-03-01T12:59:31.269Z] >>> [apiv2][query] GET https://firebase.googleapis.com/v1beta1/projects/vmnn-26345-stg [none]
[debug] [2026-03-01T12:59:31.640Z] <<< [apiv2][status] GET https://firebase.googleapis.com/v1beta1/projects/vmnn-26345-stg 200
[debug] [2026-03-01T12:59:31.640Z] <<< [apiv2][body] GET https://firebase.googleapis.com/v1beta1/projects/vmnn-26345-stg {"projectId":"vmnn-26345-stg","projectNumber":"861766418741","displayName":"DSF Staging","name":"projects/vmnn-26345-stg","resources":{"hostingSite":"vmnn-26345-stg"},"state":"ACTIVE","etag":"1_12bcee45-042f-432f-b091-04c761d8534c"}
[info] 
[info] === Deploying to 'vmnn-26345-stg'...
[info] 
[info] i  deploying storage, firestore, hosting 
[info] i  storage: ensuring required API firebasestorage.googleapis.com is enabled... 
[debug] [2026-03-01T12:59:31.643Z] Checked if tokens are valid: true, expires at: 1772373569503
[debug] [2026-03-01T12:59:31.643Z] Checked if tokens are valid: true, expires at: 1772373569503
[debug] [2026-03-01T12:59:31.643Z] >>> [apiv2][query] GET https://firebasestorage.googleapis.com/v1alpha/projects/vmnn-26345-stg/defaultBucket [none]
[debug] [2026-03-01T12:59:32.704Z] <<< [apiv2][status] GET https://firebasestorage.googleapis.com/v1alpha/projects/vmnn-26345-stg/defaultBucket 200
[debug] [2026-03-01T12:59:32.704Z] <<< [apiv2][body] GET https://firebasestorage.googleapis.com/v1alpha/projects/vmnn-26345-stg/defaultBucket {"name":"projects/vmnn-26345-stg/defaultBucket","location":"US-CENTRAL1","bucket":{"name":"projects/vmnn-26345-stg/buckets/vmnn-26345-stg.firebasestorage.app"},"storageClass":"REGIONAL"}
[info] i  firebase.storage: checking storage.rules for compilation errors... 
[debug] [2026-03-01T12:59:32.706Z] Checked if tokens are valid: true, expires at: 1772373569503
[debug] [2026-03-01T12:59:32.706Z] Checked if tokens are valid: true, expires at: 1772373569503
[debug] [2026-03-01T12:59:32.706Z] >>> [apiv2][query] POST https://firebaserules.googleapis.com/v1/projects/vmnn-26345-stg:test [none]
[debug] [2026-03-01T12:59:32.706Z] >>> [apiv2][body] POST https://firebaserules.googleapis.com/v1/projects/vmnn-26345-stg:test [omitted]
[debug] [2026-03-01T12:59:33.807Z] <<< [apiv2][status] POST https://firebaserules.googleapis.com/v1/projects/vmnn-26345-stg:test 200
[debug] [2026-03-01T12:59:33.807Z] <<< [apiv2][body] POST https://firebaserules.googleapis.com/v1/projects/vmnn-26345-stg:test {}
[info] +  firebase.storage: rules file storage.rules compiled successfully 
[info] i  firestore: ensuring required API firestore.googleapis.com is enabled... 
[info] i  firestore: ensuring required API firestore.googleapis.com is enabled... 
[debug] [2026-03-01T12:59:33.808Z] Checked if tokens are valid: true, expires at: 1772373569503
[debug] [2026-03-01T12:59:33.809Z] Checked if tokens are valid: true, expires at: 1772373569503
[debug] [2026-03-01T12:59:33.809Z] >>> [apiv2][query] GET https://firestore.googleapis.com/v1/projects/vmnn-26345-stg/databases/(default) [none]
[debug] [2026-03-01T12:59:34.168Z] <<< [apiv2][status] GET https://firestore.googleapis.com/v1/projects/vmnn-26345-stg/databases/(default) 200
[debug] [2026-03-01T12:59:34.168Z] <<< [apiv2][body] GET https://firestore.googleapis.com/v1/projects/vmnn-26345-stg/databases/(default) {"name":"projects/vmnn-26345-stg/databases/(default)","uid":"919a8d43-692a-4e89-b39a-2c3d0ad858d7","createTime":"2026-02-28T13:16:56.894116Z","updateTime":"2026-02-28T13:16:56.894116Z","locationId":"asia-northeast1","type":"FIRESTORE_NATIVE","concurrencyMode":"PESSIMISTIC","versionRetentionPeriod":"3600s","earliestVersionTime":"2026-03-01T11:59:34.452838Z","appEngineIntegrationMode":"DISABLED","keyPrefix":"b","pointInTimeRecoveryEnablement":"POINT_IN_TIME_RECOVERY_DISABLED","deleteProtectionState":"DELETE_PROTECTION_DISABLED","databaseEdition":"STANDARD","freeTier":true,"realtimeUpdatesMode":"REALTIME_UPDATES_MODE_ENABLED","etag":"IKfB89Xg/pIDMMXJhM+7/ZID"}
[info] i  cloud.firestore: checking firestore.rules for compilation errors... 
[debug] [2026-03-01T12:59:34.169Z] Checked if tokens are valid: true, expires at: 1772373569503
[debug] [2026-03-01T12:59:34.169Z] Checked if tokens are valid: true, expires at: 1772373569503
[debug] [2026-03-01T12:59:34.169Z] >>> [apiv2][query] POST https://firebaserules.googleapis.com/v1/projects/vmnn-26345-stg:test [none]
[debug] [2026-03-01T12:59:34.169Z] >>> [apiv2][body] POST https://firebaserules.googleapis.com/v1/projects/vmnn-26345-stg:test [omitted]
[debug] [2026-03-01T12:59:34.573Z] <<< [apiv2][status] POST https://firebaserules.googleapis.com/v1/projects/vmnn-26345-stg:test 200
[debug] [2026-03-01T12:59:34.573Z] <<< [apiv2][body] POST https://firebaserules.googleapis.com/v1/projects/vmnn-26345-stg:test {}
[info] +  cloud.firestore: rules file firestore.rules compiled successfully 
[debug] [2026-03-01T12:59:34.576Z] Checked if tokens are valid: true, expires at: 1772373569503
[debug] [2026-03-01T12:59:34.576Z] Checked if tokens are valid: true, expires at: 1772373569503
[debug] [2026-03-01T12:59:34.576Z] >>> [apiv2][query] POST https://firebasehosting.googleapis.com/v1beta1/projects/-/sites/vmnn-26345-stg/versions [none]
[debug] [2026-03-01T12:59:34.576Z] >>> [apiv2][body] POST https://firebasehosting.googleapis.com/v1beta1/projects/-/sites/vmnn-26345-stg/versions {"status":"CREATED","labels":{"deployment-tool":"cli-firebase"}}
[debug] [2026-03-01T12:59:35.764Z] <<< [apiv2][status] POST https://firebasehosting.googleapis.com/v1beta1/projects/-/sites/vmnn-26345-stg/versions 200
[debug] [2026-03-01T12:59:35.764Z] <<< [apiv2][body] POST https://firebasehosting.googleapis.com/v1beta1/projects/-/sites/vmnn-26345-stg/versions {"name":"projects/861766418741/sites/vmnn-26345-stg/versions/e86c7d319cab789e","status":"CREATED","config":{},"labels":{"deployment-tool":"cli-firebase"}}
[debug] [2026-03-01T12:59:35.765Z] Checked if tokens are valid: true, expires at: 1772373569503
[debug] [2026-03-01T12:59:35.765Z] Checked if tokens are valid: true, expires at: 1772373569503
[debug] [2026-03-01T12:59:35.765Z] >>> [apiv2][query] GET https://firebaserules.googleapis.com/v1/projects/vmnn-26345-stg/releases pageSize=10&pageToken=
[debug] [2026-03-01T12:59:36.049Z] <<< [apiv2][status] GET https://firebaserules.googleapis.com/v1/projects/vmnn-26345-stg/releases 200
[debug] [2026-03-01T12:59:36.049Z] <<< [apiv2][body] GET https://firebaserules.googleapis.com/v1/projects/vmnn-26345-stg/releases {"releases":[{"name":"projects/vmnn-26345-stg/releases/cloud.firestore","rulesetName":"projects/vmnn-26345-stg/rulesets/5e01eb10-3bcd-44e4-a135-4f6745962682","createTime":"2026-02-28T13:17:04.388489Z","updateTime":"2026-03-01T00:52:18.452024Z"},{"name":"projects/vmnn-26345-stg/releases/firebase.storage/vmnn-26345-stg.firebasestorage.app","rulesetName":"projects/vmnn-26345-stg/rulesets/d3c7d9f6-480b-4f10-a866-c35808804b9b","createTime":"2026-02-28T23:59:05.432233Z","updateTime":"2026-03-01T00:52:17.285974Z"}]}
[debug] [2026-03-01T12:59:36.058Z] Checked if tokens are valid: true, expires at: 1772373569503
[debug] [2026-03-01T12:59:36.058Z] Checked if tokens are valid: true, expires at: 1772373569503
[debug] [2026-03-01T12:59:36.058Z] >>> [apiv2][query] GET https://firebaserules.googleapis.com/v1/projects/vmnn-26345-stg/rulesets/d3c7d9f6-480b-4f10-a866-c35808804b9b [none]
[debug] [2026-03-01T12:59:37.194Z] <<< [apiv2][status] GET https://firebaserules.googleapis.com/v1/projects/vmnn-26345-stg/rulesets/d3c7d9f6-480b-4f10-a866-c35808804b9b 200
[debug] [2026-03-01T12:59:37.195Z] <<< [apiv2][body] GET https://firebaserules.googleapis.com/v1/projects/vmnn-26345-stg/rulesets/d3c7d9f6-480b-4f10-a866-c35808804b9b [omitted]
[info] i  storage: latest version of storage.rules already up to date, skipping upload... 
[debug] [2026-03-01T12:59:37.196Z] Checked if tokens are valid: true, expires at: 1772373569503
[debug] [2026-03-01T12:59:37.196Z] Checked if tokens are valid: true, expires at: 1772373569503
[debug] [2026-03-01T12:59:37.196Z] >>> [apiv2][query] GET https://firebaserules.googleapis.com/v1/projects/vmnn-26345-stg/releases pageSize=10&pageToken=
[debug] [2026-03-01T12:59:38.195Z] <<< [apiv2][status] GET https://firebaserules.googleapis.com/v1/projects/vmnn-26345-stg/releases 200
[debug] [2026-03-01T12:59:38.195Z] <<< [apiv2][body] GET https://firebaserules.googleapis.com/v1/projects/vmnn-26345-stg/releases {"releases":[{"name":"projects/vmnn-26345-stg/releases/cloud.firestore","rulesetName":"projects/vmnn-26345-stg/rulesets/5e01eb10-3bcd-44e4-a135-4f6745962682","createTime":"2026-02-28T13:17:04.388489Z","updateTime":"2026-03-01T00:52:18.452024Z"},{"name":"projects/vmnn-26345-stg/releases/firebase.storage/vmnn-26345-stg.firebasestorage.app","rulesetName":"projects/vmnn-26345-stg/rulesets/d3c7d9f6-480b-4f10-a866-c35808804b9b","createTime":"2026-02-28T23:59:05.432233Z","updateTime":"2026-03-01T00:52:17.285974Z"}]}
[debug] [2026-03-01T12:59:38.195Z] Checked if tokens are valid: true, expires at: 1772373569503
[debug] [2026-03-01T12:59:38.195Z] Checked if tokens are valid: true, expires at: 1772373569503
[debug] [2026-03-01T12:59:38.195Z] >>> [apiv2][query] GET https://firebaserules.googleapis.com/v1/projects/vmnn-26345-stg/rulesets/5e01eb10-3bcd-44e4-a135-4f6745962682 [none]
[debug] [2026-03-01T12:59:38.566Z] <<< [apiv2][status] GET https://firebaserules.googleapis.com/v1/projects/vmnn-26345-stg/rulesets/5e01eb10-3bcd-44e4-a135-4f6745962682 200
[debug] [2026-03-01T12:59:38.566Z] <<< [apiv2][body] GET https://firebaserules.googleapis.com/v1/projects/vmnn-26345-stg/rulesets/5e01eb10-3bcd-44e4-a135-4f6745962682 [omitted]
[info] i  firestore: latest version of firestore.rules already up to date, skipping upload... 
[info] i  firestore: deploying indexes... 
[info] i  hosting[vmnn-26345-stg]: beginning deploy... 
[info] i  hosting[vmnn-26345-stg]: found 12 files in dist 
[debug] [2026-03-01T12:59:38.576Z] [hosting] uploading with 200 concurrency
[debug] [2026-03-01T12:59:38.589Z] Checked if tokens are valid: true, expires at: 1772373569503
[debug] [2026-03-01T12:59:38.589Z] Checked if tokens are valid: true, expires at: 1772373569503
[debug] [2026-03-01T12:59:38.590Z] [hosting] hash cache [ZGlzdA] stored for 12 files
[debug] [2026-03-01T12:59:38.590Z] [hosting][hash queue][FINAL] {"max":7,"min":4,"avg":5.333333333333333,"active":0,"complete":12,"success":12,"errored":0,"retried":0,"total":12,"elapsed":12}
[debug] [2026-03-01T12:59:38.590Z] >>> [apiv2][query] POST https://firebasehosting.googleapis.com/v1beta1/projects/861766418741/sites/vmnn-26345-stg/versions/e86c7d319cab789e:populateFiles [none]
[debug] [2026-03-01T12:59:38.590Z] >>> [apiv2][body] POST https://firebasehosting.googleapis.com/v1beta1/projects/861766418741/sites/vmnn-26345-stg/versions/e86c7d319cab789e:populateFiles {"files":{"/assets/variables-DqcYL0oh.js":"575f834a2f3271658ca2be6ba7796ad9c071ae5fa05b899e7b0a888a085901d2","/assets/viewer-Bngl3CNB.css":"0211c7bd65439a2b4955c3e84f2ca99490011fcf9b640807a570363bb25cb80a","/viewer.html":"05927011dd21551b4b404b6f43a6697c30793b92b680706063a4643f51db3cbe","/assets/variables--_bzwD7O.css":"5a546b00e1332462e3bf7ec46f634a7e449c68b1dc108a23aae57cb00fde4bd7","/index.html":"b1175f09ab67b0d965941b8e33e556bfd8442b7c4fa8ee1fcfc0e156b622678b","/studio.html":"0da3d5a886f20aa518dc53539d785aae0a7963453ca0ada0e3fbbd2f61dcddc3","/assets/index-Byh0WrCO.css":"cd797396b1739bc2601f28f3f4e444afac183eb91cd53c9dda1d2437f25b6db8","/assets/index-bWqCu2Pj.js":"e988f78e1e17db5225b5cb642b9b60150e0f8ac965eeceed83b5fa744efe52b4","/assets/studio-4K98cWDJ.css":"7614e444a134bcda133372060b3dc9f04f7de7f897354b96e3b4596882ee938e","/assets/viewer-DqAu72P4.js":"6a033da60f399de624350f289af25932803acebde0da7e1bc4b1149370ab6ec5","/assets/studio-D_a3sHy9.js":"7ea6fb131587af20943a4c9375f28767f998ba719664b1af3a2297cb0521e630","/assets/export-Ck80cyXK.js":"33a9388971576f45247917531ab2deb1d62e1a5e86a3a35f3a1c7f256a5c2e22"}}
[debug] [2026-03-01T12:59:39.086Z] <<< [apiv2][status] POST https://firebasehosting.googleapis.com/v1beta1/projects/861766418741/sites/vmnn-26345-stg/versions/e86c7d319cab789e:populateFiles 200
[debug] [2026-03-01T12:59:39.086Z] <<< [apiv2][body] POST https://firebasehosting.googleapis.com/v1beta1/projects/861766418741/sites/vmnn-26345-stg/versions/e86c7d319cab789e:populateFiles {"uploadRequiredHashes":["b1175f09ab67b0d965941b8e33e556bfd8442b7c4fa8ee1fcfc0e156b622678b","cd797396b1739bc2601f28f3f4e444afac183eb91cd53c9dda1d2437f25b6db8","05927011dd21551b4b404b6f43a6697c30793b92b680706063a4643f51db3cbe","33a9388971576f45247917531ab2deb1d62e1a5e86a3a35f3a1c7f256a5c2e22","7ea6fb131587af20943a4c9375f28767f998ba719664b1af3a2297cb0521e630","0da3d5a886f20aa518dc53539d785aae0a7963453ca0ada0e3fbbd2f61dcddc3","e988f78e1e17db5225b5cb642b9b60150e0f8ac965eeceed83b5fa744efe52b4","6a033da60f399de624350f289af25932803acebde0da7e1bc4b1149370ab6ec5"],"uploadUrl":"https://upload-firebasehosting.googleapis.com/upload/sites/vmnn-26345-stg/versions/e86c7d319cab789e/files"}
[debug] [2026-03-01T12:59:39.087Z] Checked if tokens are valid: true, expires at: 1772373569503
[debug] [2026-03-01T12:59:39.087Z] Checked if tokens are valid: true, expires at: 1772373569503
[debug] [2026-03-01T12:59:39.087Z] Checked if tokens are valid: true, expires at: 1772373569503
[debug] [2026-03-01T12:59:39.088Z] Checked if tokens are valid: true, expires at: 1772373569503
[debug] [2026-03-01T12:59:39.088Z] Checked if tokens are valid: true, expires at: 1772373569503
[debug] [2026-03-01T12:59:39.088Z] Checked if tokens are valid: true, expires at: 1772373569503
[debug] [2026-03-01T12:59:39.088Z] Checked if tokens are valid: true, expires at: 1772373569503
[debug] [2026-03-01T12:59:39.088Z] Checked if tokens are valid: true, expires at: 1772373569503
[debug] [2026-03-01T12:59:39.088Z] Checked if tokens are valid: true, expires at: 1772373569503
[debug] [2026-03-01T12:59:39.088Z] Checked if tokens are valid: true, expires at: 1772373569503
[debug] [2026-03-01T12:59:39.088Z] Checked if tokens are valid: true, expires at: 1772373569503
[debug] [2026-03-01T12:59:39.088Z] Checked if tokens are valid: true, expires at: 1772373569503
[debug] [2026-03-01T12:59:39.088Z] Checked if tokens are valid: true, expires at: 1772373569503
[debug] [2026-03-01T12:59:39.088Z] Checked if tokens are valid: true, expires at: 1772373569503
[debug] [2026-03-01T12:59:39.089Z] Checked if tokens are valid: true, expires at: 1772373569503
[debug] [2026-03-01T12:59:39.089Z] Checked if tokens are valid: true, expires at: 1772373569503
[debug] [2026-03-01T12:59:39.089Z] >>> [apiv2][query] POST https://upload-firebasehosting.googleapis.com/upload/sites/vmnn-26345-stg/versions/e86c7d319cab789e/files/b1175f09ab67b0d965941b8e33e556bfd8442b7c4fa8ee1fcfc0e156b622678b [none]
[debug] [2026-03-01T12:59:39.089Z] >>> [apiv2][body] POST https://upload-firebasehosting.googleapis.com/upload/sites/vmnn-26345-stg/versions/e86c7d319cab789e/files/b1175f09ab67b0d965941b8e33e556bfd8442b7c4fa8ee1fcfc0e156b622678b [stream]
[debug] [2026-03-01T12:59:39.091Z] >>> [apiv2][query] POST https://upload-firebasehosting.googleapis.com/upload/sites/vmnn-26345-stg/versions/e86c7d319cab789e/files/cd797396b1739bc2601f28f3f4e444afac183eb91cd53c9dda1d2437f25b6db8 [none]
[debug] [2026-03-01T12:59:39.091Z] >>> [apiv2][body] POST https://upload-firebasehosting.googleapis.com/upload/sites/vmnn-26345-stg/versions/e86c7d319cab789e/files/cd797396b1739bc2601f28f3f4e444afac183eb91cd53c9dda1d2437f25b6db8 [stream]
[debug] [2026-03-01T12:59:39.092Z] >>> [apiv2][query] POST https://upload-firebasehosting.googleapis.com/upload/sites/vmnn-26345-stg/versions/e86c7d319cab789e/files/05927011dd21551b4b404b6f43a6697c30793b92b680706063a4643f51db3cbe [none]
[debug] [2026-03-01T12:59:39.092Z] >>> [apiv2][body] POST https://upload-firebasehosting.googleapis.com/upload/sites/vmnn-26345-stg/versions/e86c7d319cab789e/files/05927011dd21551b4b404b6f43a6697c30793b92b680706063a4643f51db3cbe [stream]
[debug] [2026-03-01T12:59:39.092Z] >>> [apiv2][query] POST https://upload-firebasehosting.googleapis.com/upload/sites/vmnn-26345-stg/versions/e86c7d319cab789e/files/33a9388971576f45247917531ab2deb1d62e1a5e86a3a35f3a1c7f256a5c2e22 [none]
[debug] [2026-03-01T12:59:39.092Z] >>> [apiv2][body] POST https://upload-firebasehosting.googleapis.com/upload/sites/vmnn-26345-stg/versions/e86c7d319cab789e/files/33a9388971576f45247917531ab2deb1d62e1a5e86a3a35f3a1c7f256a5c2e22 [stream]
[debug] [2026-03-01T12:59:39.093Z] >>> [apiv2][query] POST https://upload-firebasehosting.googleapis.com/upload/sites/vmnn-26345-stg/versions/e86c7d319cab789e/files/7ea6fb131587af20943a4c9375f28767f998ba719664b1af3a2297cb0521e630 [none]
[debug] [2026-03-01T12:59:39.093Z] >>> [apiv2][body] POST https://upload-firebasehosting.googleapis.com/upload/sites/vmnn-26345-stg/versions/e86c7d319cab789e/files/7ea6fb131587af20943a4c9375f28767f998ba719664b1af3a2297cb0521e630 [stream]
[debug] [2026-03-01T12:59:39.093Z] >>> [apiv2][query] POST https://upload-firebasehosting.googleapis.com/upload/sites/vmnn-26345-stg/versions/e86c7d319cab789e/files/0da3d5a886f20aa518dc53539d785aae0a7963453ca0ada0e3fbbd2f61dcddc3 [none]
[debug] [2026-03-01T12:59:39.093Z] >>> [apiv2][body] POST https://upload-firebasehosting.googleapis.com/upload/sites/vmnn-26345-stg/versions/e86c7d319cab789e/files/0da3d5a886f20aa518dc53539d785aae0a7963453ca0ada0e3fbbd2f61dcddc3 [stream]
[debug] [2026-03-01T12:59:39.094Z] >>> [apiv2][query] POST https://upload-firebasehosting.googleapis.com/upload/sites/vmnn-26345-stg/versions/e86c7d319cab789e/files/e988f78e1e17db5225b5cb642b9b60150e0f8ac965eeceed83b5fa744efe52b4 [none]
[debug] [2026-03-01T12:59:39.094Z] >>> [apiv2][body] POST https://upload-firebasehosting.googleapis.com/upload/sites/vmnn-26345-stg/versions/e86c7d319cab789e/files/e988f78e1e17db5225b5cb642b9b60150e0f8ac965eeceed83b5fa744efe52b4 [stream]
[debug] [2026-03-01T12:59:39.095Z] >>> [apiv2][query] POST https://upload-firebasehosting.googleapis.com/upload/sites/vmnn-26345-stg/versions/e86c7d319cab789e/files/6a033da60f399de624350f289af25932803acebde0da7e1bc4b1149370ab6ec5 [none]
[debug] [2026-03-01T12:59:39.095Z] >>> [apiv2][body] POST https://upload-firebasehosting.googleapis.com/upload/sites/vmnn-26345-stg/versions/e86c7d319cab789e/files/6a033da60f399de624350f289af25932803acebde0da7e1bc4b1149370ab6ec5 [stream]
[debug] [2026-03-01T12:59:39.095Z] [hosting][populate queue][FINAL] {"max":500,"min":500,"avg":500,"active":0,"complete":1,"success":1,"errored":0,"retried":0,"total":1,"elapsed":506}
[debug] [2026-03-01T12:59:39.096Z] [hosting] uploads queued: 8
[debug] [2026-03-01T12:59:40.124Z] <<< [apiv2][status] POST https://upload-firebasehosting.googleapis.com/upload/sites/vmnn-26345-stg/versions/e86c7d319cab789e/files/7ea6fb131587af20943a4c9375f28767f998ba719664b1af3a2297cb0521e630 200
[debug] [2026-03-01T12:59:40.124Z] <<< [apiv2][body] POST https://upload-firebasehosting.googleapis.com/upload/sites/vmnn-26345-stg/versions/e86c7d319cab789e/files/7ea6fb131587af20943a4c9375f28767f998ba719664b1af3a2297cb0521e630 [stream]
[debug] [2026-03-01T12:59:40.139Z] <<< [apiv2][status] POST https://upload-firebasehosting.googleapis.com/upload/sites/vmnn-26345-stg/versions/e86c7d319cab789e/files/0da3d5a886f20aa518dc53539d785aae0a7963453ca0ada0e3fbbd2f61dcddc3 200
[debug] [2026-03-01T12:59:40.139Z] <<< [apiv2][body] POST https://upload-firebasehosting.googleapis.com/upload/sites/vmnn-26345-stg/versions/e86c7d319cab789e/files/0da3d5a886f20aa518dc53539d785aae0a7963453ca0ada0e3fbbd2f61dcddc3 [stream]
[debug] [2026-03-01T12:59:40.205Z] <<< [apiv2][status] POST https://upload-firebasehosting.googleapis.com/upload/sites/vmnn-26345-stg/versions/e86c7d319cab789e/files/33a9388971576f45247917531ab2deb1d62e1a5e86a3a35f3a1c7f256a5c2e22 200
[debug] [2026-03-01T12:59:40.205Z] <<< [apiv2][body] POST https://upload-firebasehosting.googleapis.com/upload/sites/vmnn-26345-stg/versions/e86c7d319cab789e/files/33a9388971576f45247917531ab2deb1d62e1a5e86a3a35f3a1c7f256a5c2e22 [stream]
[debug] [2026-03-01T12:59:40.250Z] <<< [apiv2][status] POST https://upload-firebasehosting.googleapis.com/upload/sites/vmnn-26345-stg/versions/e86c7d319cab789e/files/05927011dd21551b4b404b6f43a6697c30793b92b680706063a4643f51db3cbe 200
[debug] [2026-03-01T12:59:40.250Z] <<< [apiv2][body] POST https://upload-firebasehosting.googleapis.com/upload/sites/vmnn-26345-stg/versions/e86c7d319cab789e/files/05927011dd21551b4b404b6f43a6697c30793b92b680706063a4643f51db3cbe [stream]
[debug] [2026-03-01T12:59:40.338Z] <<< [apiv2][status] POST https://upload-firebasehosting.googleapis.com/upload/sites/vmnn-26345-stg/versions/e86c7d319cab789e/files/b1175f09ab67b0d965941b8e33e556bfd8442b7c4fa8ee1fcfc0e156b622678b 200
[debug] [2026-03-01T12:59:40.338Z] <<< [apiv2][body] POST https://upload-firebasehosting.googleapis.com/upload/sites/vmnn-26345-stg/versions/e86c7d319cab789e/files/b1175f09ab67b0d965941b8e33e556bfd8442b7c4fa8ee1fcfc0e156b622678b [stream]
[debug] [2026-03-01T12:59:40.415Z] <<< [apiv2][status] POST https://upload-firebasehosting.googleapis.com/upload/sites/vmnn-26345-stg/versions/e86c7d319cab789e/files/6a033da60f399de624350f289af25932803acebde0da7e1bc4b1149370ab6ec5 200
[debug] [2026-03-01T12:59:40.415Z] <<< [apiv2][body] POST https://upload-firebasehosting.googleapis.com/upload/sites/vmnn-26345-stg/versions/e86c7d319cab789e/files/6a033da60f399de624350f289af25932803acebde0da7e1bc4b1149370ab6ec5 [stream]
[debug] [2026-03-01T12:59:40.445Z] <<< [apiv2][status] POST https://upload-firebasehosting.googleapis.com/upload/sites/vmnn-26345-stg/versions/e86c7d319cab789e/files/e988f78e1e17db5225b5cb642b9b60150e0f8ac965eeceed83b5fa744efe52b4 200
[debug] [2026-03-01T12:59:40.445Z] <<< [apiv2][body] POST https://upload-firebasehosting.googleapis.com/upload/sites/vmnn-26345-stg/versions/e86c7d319cab789e/files/e988f78e1e17db5225b5cb642b9b60150e0f8ac965eeceed83b5fa744efe52b4 [stream]
[debug] [2026-03-01T12:59:40.510Z] <<< [apiv2][status] POST https://upload-firebasehosting.googleapis.com/upload/sites/vmnn-26345-stg/versions/e86c7d319cab789e/files/cd797396b1739bc2601f28f3f4e444afac183eb91cd53c9dda1d2437f25b6db8 200
[debug] [2026-03-01T12:59:40.511Z] <<< [apiv2][body] POST https://upload-firebasehosting.googleapis.com/upload/sites/vmnn-26345-stg/versions/e86c7d319cab789e/files/cd797396b1739bc2601f28f3f4e444afac183eb91cd53c9dda1d2437f25b6db8 [stream]
[debug] [2026-03-01T12:59:40.511Z] [hosting][upload queue][FINAL] {"max":1424,"min":1036,"avg":1215.625,"active":0,"complete":8,"success":8,"errored":0,"retried":0,"total":8,"elapsed":1424}
[info] i  hosting: upload complete 
[info] +  hosting[vmnn-26345-stg]: file upload complete 
[debug] [2026-03-01T12:59:40.512Z] [hosting] deploy completed after 1943ms
[debug] [2026-03-01T12:59:40.512Z] [rules] releasing firebase.storage/vmnn-26345-stg.firebasestorage.app with ruleset projects/vmnn-26345-stg/rulesets/d3c7d9f6-480b-4f10-a866-c35808804b9b
[debug] [2026-03-01T12:59:40.513Z] Checked if tokens are valid: true, expires at: 1772373569503
[debug] [2026-03-01T12:59:40.513Z] Checked if tokens are valid: true, expires at: 1772373569503
[debug] [2026-03-01T12:59:40.513Z] >>> [apiv2][query] PATCH https://firebaserules.googleapis.com/v1/projects/vmnn-26345-stg/releases/firebase.storage/vmnn-26345-stg.firebasestorage.app [none]
[debug] [2026-03-01T12:59:40.513Z] >>> [apiv2][body] PATCH https://firebaserules.googleapis.com/v1/projects/vmnn-26345-stg/releases/firebase.storage/vmnn-26345-stg.firebasestorage.app {"release":{"name":"projects/vmnn-26345-stg/releases/firebase.storage/vmnn-26345-stg.firebasestorage.app","rulesetName":"projects/vmnn-26345-stg/rulesets/d3c7d9f6-480b-4f10-a866-c35808804b9b"}}
[debug] [2026-03-01T12:59:41.685Z] <<< [apiv2][status] PATCH https://firebaserules.googleapis.com/v1/projects/vmnn-26345-stg/releases/firebase.storage/vmnn-26345-stg.firebasestorage.app 200
[debug] [2026-03-01T12:59:41.686Z] <<< [apiv2][body] PATCH https://firebaserules.googleapis.com/v1/projects/vmnn-26345-stg/releases/firebase.storage/vmnn-26345-stg.firebasestorage.app {"name":"projects/vmnn-26345-stg/releases/firebase.storage/vmnn-26345-stg.firebasestorage.app","rulesetName":"projects/vmnn-26345-stg/rulesets/d3c7d9f6-480b-4f10-a866-c35808804b9b","createTime":"2026-02-28T23:59:05.432233Z","updateTime":"2026-03-01T12:59:41.847589Z"}
[debug] [2026-03-01T12:59:41.686Z] [rules] updated release projects/vmnn-26345-stg/releases/firebase.storage/vmnn-26345-stg.firebasestorage.app
[info] +  storage: released rules storage.rules to firebase.storage 
[debug] [2026-03-01T12:59:41.686Z] [rules] releasing cloud.firestore/(default) with ruleset projects/vmnn-26345-stg/rulesets/5e01eb10-3bcd-44e4-a135-4f6745962682
[debug] [2026-03-01T12:59:41.687Z] Checked if tokens are valid: true, expires at: 1772373569503
[debug] [2026-03-01T12:59:41.687Z] Checked if tokens are valid: true, expires at: 1772373569503
[debug] [2026-03-01T12:59:41.687Z] >>> [apiv2][query] PATCH https://firebaserules.googleapis.com/v1/projects/vmnn-26345-stg/releases/cloud.firestore/(default) [none]
[debug] [2026-03-01T12:59:41.687Z] >>> [apiv2][body] PATCH https://firebaserules.googleapis.com/v1/projects/vmnn-26345-stg/releases/cloud.firestore/(default) {"release":{"name":"projects/vmnn-26345-stg/releases/cloud.firestore/(default)","rulesetName":"projects/vmnn-26345-stg/rulesets/5e01eb10-3bcd-44e4-a135-4f6745962682"}}
[debug] [2026-03-01T12:59:42.997Z] <<< [apiv2][status] PATCH https://firebaserules.googleapis.com/v1/projects/vmnn-26345-stg/releases/cloud.firestore/(default) 200
[debug] [2026-03-01T12:59:42.997Z] <<< [apiv2][body] PATCH https://firebaserules.googleapis.com/v1/projects/vmnn-26345-stg/releases/cloud.firestore/(default) {"name":"projects/vmnn-26345-stg/releases/cloud.firestore","rulesetName":"projects/vmnn-26345-stg/rulesets/5e01eb10-3bcd-44e4-a135-4f6745962682","createTime":"2026-02-28T13:17:04.388489Z","updateTime":"2026-03-01T12:59:43.028662Z"}
[debug] [2026-03-01T12:59:42.997Z] [rules] updated release projects/vmnn-26345-stg/releases/cloud.firestore
[info] +  firestore: released rules firestore.rules to cloud.firestore 
[debug] [2026-03-01T12:59:42.998Z] [
  {
    "config": {
      "public": "dist",
      "ignore": [
        "firebase.json",
        "**/.*",
        "**/node_modules/**"
      ],
      "rewrites": [],
      "site": "vmnn-26345-stg"
    },
    "version": "projects/861766418741/sites/vmnn-26345-stg/versions/e86c7d319cab789e"
  }
]
[info] i  hosting[vmnn-26345-stg]: finalizing version... 
[debug] [2026-03-01T12:59:42.999Z] Checked if tokens are valid: true, expires at: 1772373569503
[debug] [2026-03-01T12:59:42.999Z] Checked if tokens are valid: true, expires at: 1772373569503
[debug] [2026-03-01T12:59:42.999Z] >>> [apiv2][query] PATCH https://firebasehosting.googleapis.com/v1beta1/projects/-/sites/vmnn-26345-stg/versions/e86c7d319cab789e updateMask=status%2Cconfig
[debug] [2026-03-01T12:59:42.999Z] >>> [apiv2][body] PATCH https://firebasehosting.googleapis.com/v1beta1/projects/-/sites/vmnn-26345-stg/versions/e86c7d319cab789e {"status":"FINALIZED","config":{"rewrites":[]}}
[debug] [2026-03-01T12:59:44.070Z] <<< [apiv2][status] PATCH https://firebasehosting.googleapis.com/v1beta1/projects/-/sites/vmnn-26345-stg/versions/e86c7d319cab789e 200
[debug] [2026-03-01T12:59:44.070Z] <<< [apiv2][body] PATCH https://firebasehosting.googleapis.com/v1beta1/projects/-/sites/vmnn-26345-stg/versions/e86c7d319cab789e {"name":"projects/861766418741/sites/vmnn-26345-stg/versions/e86c7d319cab789e","status":"FINALIZED","config":{},"labels":{"deployment-tool":"cli-firebase"},"createTime":"2026-03-01T12:59:35.421962Z","createUser":{"email":"tetsujiriver@gmail.com"},"finalizeTime":"2026-03-01T12:59:44.215996Z","finalizeUser":{"email":"tetsujiriver@gmail.com"}}
[debug] [2026-03-01T12:59:44.071Z] [hosting] finalized version for vmnn-26345-stg:[object Object]
[info] +  hosting[vmnn-26345-stg]: version finalized 
[info] i  hosting[vmnn-26345-stg]: releasing new version... 
[debug] [2026-03-01T12:59:44.071Z] Checked if tokens are valid: true, expires at: 1772373569503
[debug] [2026-03-01T12:59:44.071Z] Checked if tokens are valid: true, expires at: 1772373569503
[debug] [2026-03-01T12:59:44.071Z] >>> [apiv2][query] POST https://firebasehosting.googleapis.com/v1beta1/projects/-/sites/vmnn-26345-stg/channels/live/releases versionName=projects%2F861766418741%2Fsites%2Fvmnn-26345-stg%2Fversions%2Fe86c7d319cab789e
[debug] [2026-03-01T12:59:44.071Z] >>> [apiv2][body] POST https://firebasehosting.googleapis.com/v1beta1/projects/-/sites/vmnn-26345-stg/channels/live/releases {}
[debug] [2026-03-01T12:59:45.114Z] <<< [apiv2][status] POST https://firebasehosting.googleapis.com/v1beta1/projects/-/sites/vmnn-26345-stg/channels/live/releases 200
[debug] [2026-03-01T12:59:45.114Z] <<< [apiv2][body] POST https://firebasehosting.googleapis.com/v1beta1/projects/-/sites/vmnn-26345-stg/channels/live/releases {"name":"projects/861766418741/sites/vmnn-26345-stg/channels/live/releases/1772369984514000","version":{"name":"projects/861766418741/sites/vmnn-26345-stg/versions/e86c7d319cab789e","status":"FINALIZED","config":{},"labels":{"deployment-tool":"cli-firebase"},"createTime":"2026-03-01T12:59:35.421962Z","createUser":{"email":"tetsujiriver@gmail.com","imageUrl":"https://lh3.googleusercontent.com/a/ACg8ocKz-7yytph9vlC2nzYtnW0fkfE-oFWwGYopx-UGs2F79YUg4x7Bhg"},"finalizeTime":"2026-03-01T12:59:44.215996Z","finalizeUser":{"email":"tetsujiriver@gmail.com","imageUrl":"https://lh3.googleusercontent.com/a/ACg8ocKz-7yytph9vlC2nzYtnW0fkfE-oFWwGYopx-UGs2F79YUg4x7Bhg"}},"type":"DEPLOY","releaseTime":"2026-03-01T12:59:44.514Z","releaseUser":{"email":"tetsujiriver@gmail.com","imageUrl":"https://lh3.googleusercontent.com/a/ACg8ocKz-7yytph9vlC2nzYtnW0fkfE-oFWwGYopx-UGs2F79YUg4x7Bhg"}}
[debug] [2026-03-01T12:59:45.114Z] [hosting] release: {"name":"projects/861766418741/sites/vmnn-26345-stg/channels/live/releases/1772369984514000","version":{"name":"projects/861766418741/sites/vmnn-26345-stg/versions/e86c7d319cab789e","status":"FINALIZED","config":{},"labels":{"deployment-tool":"cli-firebase"},"createTime":"2026-03-01T12:59:35.421962Z","createUser":{"email":"tetsujiriver@gmail.com","imageUrl":"https://lh3.googleusercontent.com/a/ACg8ocKz-7yytph9vlC2nzYtnW0fkfE-oFWwGYopx-UGs2F79YUg4x7Bhg"},"finalizeTime":"2026-03-01T12:59:44.215996Z","finalizeUser":{"email":"tetsujiriver@gmail.com","imageUrl":"https://lh3.googleusercontent.com/a/ACg8ocKz-7yytph9vlC2nzYtnW0fkfE-oFWwGYopx-UGs2F79YUg4x7Bhg"}},"type":"DEPLOY","releaseTime":"2026-03-01T12:59:44.514Z","releaseUser":{"email":"tetsujiriver@gmail.com","imageUrl":"https://lh3.googleusercontent.com/a/ACg8ocKz-7yytph9vlC2nzYtnW0fkfE-oFWwGYopx-UGs2F79YUg4x7Bhg"}}
[info] +  hosting[vmnn-26345-stg]: release complete 
[info] 
[info] +  Deploy complete! 
[info] 
[info] Project Console: https://console.firebase.google.com/project/vmnn-26345-stg/overview
[info] Hosting URL: https://vmnn-26345-stg.web.app
[debug] [2026-03-01T13:10:57.066Z] ----------------------------------------------------------------------
[debug] [2026-03-01T13:10:57.068Z] Command:       C:\Program Files\nodejs\node.exe C:\Users\tetsu\projects\dsf\node_modules\firebase-tools\lib\bin\firebase.js deploy --project staging
[debug] [2026-03-01T13:10:57.068Z] CLI Version:   15.5.1
[debug] [2026-03-01T13:10:57.069Z] Platform:      win32
[debug] [2026-03-01T13:10:57.069Z] Node Version:  v24.13.0
[debug] [2026-03-01T13:10:57.069Z] Time:          Sun Mar 01 2026 22:10:57 GMT+0900 (日本標準時)
[debug] [2026-03-01T13:10:57.069Z] ----------------------------------------------------------------------
[debug] 
[debug] [2026-03-01T13:10:58.489Z] > command requires scopes: ["email","openid","https://www.googleapis.com/auth/cloudplatformprojects.readonly","https://www.googleapis.com/auth/firebase","https://www.googleapis.com/auth/cloud-platform"]
[debug] [2026-03-01T13:10:58.490Z] > authorizing via signed-in user (tetsujiriver@gmail.com)
[debug] [2026-03-01T13:10:58.490Z] [iam] checking project vmnn-26345-stg for permissions ["datastore.indexes.create","datastore.indexes.delete","datastore.indexes.list","datastore.indexes.update","firebase.projects.get","firebasehosting.sites.update","firebaserules.releases.create","firebaserules.releases.update","firebaserules.rulesets.create"]
[debug] [2026-03-01T13:10:58.491Z] Checked if tokens are valid: true, expires at: 1772373569503
[debug] [2026-03-01T13:10:58.491Z] Checked if tokens are valid: true, expires at: 1772373569503
[debug] [2026-03-01T13:10:58.492Z] >>> [apiv2][query] POST https://cloudresourcemanager.googleapis.com/v1/projects/vmnn-26345-stg:testIamPermissions [none]
[debug] [2026-03-01T13:10:58.492Z] >>> [apiv2][(partial)header] POST https://cloudresourcemanager.googleapis.com/v1/projects/vmnn-26345-stg:testIamPermissions  x-goog-user-project=vmnn-26345-stg
[debug] [2026-03-01T13:10:58.492Z] >>> [apiv2][body] POST https://cloudresourcemanager.googleapis.com/v1/projects/vmnn-26345-stg:testIamPermissions {"permissions":["datastore.indexes.create","datastore.indexes.delete","datastore.indexes.list","datastore.indexes.update","firebase.projects.get","firebasehosting.sites.update","firebaserules.releases.create","firebaserules.releases.update","firebaserules.rulesets.create"]}
[debug] [2026-03-01T13:10:59.201Z] <<< [apiv2][status] POST https://cloudresourcemanager.googleapis.com/v1/projects/vmnn-26345-stg:testIamPermissions 200
[debug] [2026-03-01T13:10:59.201Z] <<< [apiv2][body] POST https://cloudresourcemanager.googleapis.com/v1/projects/vmnn-26345-stg:testIamPermissions {"permissions":["datastore.indexes.create","datastore.indexes.delete","datastore.indexes.list","datastore.indexes.update","firebase.projects.get","firebasehosting.sites.update","firebaserules.releases.create","firebaserules.releases.update","firebaserules.rulesets.create"]}
[debug] [2026-03-01T13:10:59.202Z] Checked if tokens are valid: true, expires at: 1772373569503
[debug] [2026-03-01T13:10:59.202Z] Checked if tokens are valid: true, expires at: 1772373569503
[debug] [2026-03-01T13:10:59.202Z] >>> [apiv2][query] GET https://firebase.googleapis.com/v1beta1/projects/vmnn-26345-stg [none]
[debug] [2026-03-01T13:10:59.604Z] <<< [apiv2][status] GET https://firebase.googleapis.com/v1beta1/projects/vmnn-26345-stg 200
[debug] [2026-03-01T13:10:59.604Z] <<< [apiv2][body] GET https://firebase.googleapis.com/v1beta1/projects/vmnn-26345-stg {"projectId":"vmnn-26345-stg","projectNumber":"861766418741","displayName":"DSF Staging","name":"projects/vmnn-26345-stg","resources":{"hostingSite":"vmnn-26345-stg"},"state":"ACTIVE","etag":"1_12bcee45-042f-432f-b091-04c761d8534c"}
[info] 
[info] === Deploying to 'vmnn-26345-stg'...
[info] 
[info] i  deploying storage, firestore, hosting 
[info] i  storage: ensuring required API firebasestorage.googleapis.com is enabled... 
[debug] [2026-03-01T13:10:59.609Z] Checked if tokens are valid: true, expires at: 1772373569503
[debug] [2026-03-01T13:10:59.609Z] Checked if tokens are valid: true, expires at: 1772373569503
[debug] [2026-03-01T13:10:59.610Z] >>> [apiv2][query] GET https://firebasestorage.googleapis.com/v1alpha/projects/vmnn-26345-stg/defaultBucket [none]
[debug] [2026-03-01T13:11:00.695Z] <<< [apiv2][status] GET https://firebasestorage.googleapis.com/v1alpha/projects/vmnn-26345-stg/defaultBucket 200
[debug] [2026-03-01T13:11:00.695Z] <<< [apiv2][body] GET https://firebasestorage.googleapis.com/v1alpha/projects/vmnn-26345-stg/defaultBucket {"name":"projects/vmnn-26345-stg/defaultBucket","location":"US-CENTRAL1","bucket":{"name":"projects/vmnn-26345-stg/buckets/vmnn-26345-stg.firebasestorage.app"},"storageClass":"REGIONAL"}
[info] i  firebase.storage: checking storage.rules for compilation errors... 
[debug] [2026-03-01T13:11:00.697Z] Checked if tokens are valid: true, expires at: 1772373569503
[debug] [2026-03-01T13:11:00.697Z] Checked if tokens are valid: true, expires at: 1772373569503
[debug] [2026-03-01T13:11:00.697Z] >>> [apiv2][query] POST https://firebaserules.googleapis.com/v1/projects/vmnn-26345-stg:test [none]
[debug] [2026-03-01T13:11:00.697Z] >>> [apiv2][body] POST https://firebaserules.googleapis.com/v1/projects/vmnn-26345-stg:test [omitted]
[debug] [2026-03-01T13:11:02.021Z] <<< [apiv2][status] POST https://firebaserules.googleapis.com/v1/projects/vmnn-26345-stg:test 200
[debug] [2026-03-01T13:11:02.021Z] <<< [apiv2][body] POST https://firebaserules.googleapis.com/v1/projects/vmnn-26345-stg:test {}
[info] +  firebase.storage: rules file storage.rules compiled successfully 
[info] i  firestore: ensuring required API firestore.googleapis.com is enabled... 
[info] i  firestore: ensuring required API firestore.googleapis.com is enabled... 
[debug] [2026-03-01T13:11:02.023Z] Checked if tokens are valid: true, expires at: 1772373569503
[debug] [2026-03-01T13:11:02.023Z] Checked if tokens are valid: true, expires at: 1772373569503
[debug] [2026-03-01T13:11:02.023Z] >>> [apiv2][query] GET https://firestore.googleapis.com/v1/projects/vmnn-26345-stg/databases/(default) [none]
[debug] [2026-03-01T13:11:02.194Z] <<< [apiv2][status] GET https://firestore.googleapis.com/v1/projects/vmnn-26345-stg/databases/(default) 200
[debug] [2026-03-01T13:11:02.195Z] <<< [apiv2][body] GET https://firestore.googleapis.com/v1/projects/vmnn-26345-stg/databases/(default) {"name":"projects/vmnn-26345-stg/databases/(default)","uid":"919a8d43-692a-4e89-b39a-2c3d0ad858d7","createTime":"2026-02-28T13:16:56.894116Z","updateTime":"2026-02-28T13:16:56.894116Z","locationId":"asia-northeast1","type":"FIRESTORE_NATIVE","concurrencyMode":"PESSIMISTIC","versionRetentionPeriod":"3600s","earliestVersionTime":"2026-03-01T12:11:02.481435Z","appEngineIntegrationMode":"DISABLED","keyPrefix":"b","pointInTimeRecoveryEnablement":"POINT_IN_TIME_RECOVERY_DISABLED","deleteProtectionState":"DELETE_PROTECTION_DISABLED","databaseEdition":"STANDARD","freeTier":true,"realtimeUpdatesMode":"REALTIME_UPDATES_MODE_ENABLED","etag":"INK3/Z3j/pIDMMXJhM+7/ZID"}
[info] i  cloud.firestore: checking firestore.rules for compilation errors... 
[debug] [2026-03-01T13:11:02.195Z] Checked if tokens are valid: true, expires at: 1772373569503
[debug] [2026-03-01T13:11:02.195Z] Checked if tokens are valid: true, expires at: 1772373569503
[debug] [2026-03-01T13:11:02.195Z] >>> [apiv2][query] POST https://firebaserules.googleapis.com/v1/projects/vmnn-26345-stg:test [none]
[debug] [2026-03-01T13:11:02.195Z] >>> [apiv2][body] POST https://firebaserules.googleapis.com/v1/projects/vmnn-26345-stg:test [omitted]
[debug] [2026-03-01T13:11:03.187Z] <<< [apiv2][status] POST https://firebaserules.googleapis.com/v1/projects/vmnn-26345-stg:test 200
[debug] [2026-03-01T13:11:03.187Z] <<< [apiv2][body] POST https://firebaserules.googleapis.com/v1/projects/vmnn-26345-stg:test {}
[info] +  cloud.firestore: rules file firestore.rules compiled successfully 
[debug] [2026-03-01T13:11:03.192Z] Checked if tokens are valid: true, expires at: 1772373569503
[debug] [2026-03-01T13:11:03.192Z] Checked if tokens are valid: true, expires at: 1772373569503
[debug] [2026-03-01T13:11:03.192Z] >>> [apiv2][query] POST https://firebasehosting.googleapis.com/v1beta1/projects/-/sites/vmnn-26345-stg/versions [none]
[debug] [2026-03-01T13:11:03.192Z] >>> [apiv2][body] POST https://firebasehosting.googleapis.com/v1beta1/projects/-/sites/vmnn-26345-stg/versions {"status":"CREATED","labels":{"deployment-tool":"cli-firebase"}}
[debug] [2026-03-01T13:11:04.534Z] <<< [apiv2][status] POST https://firebasehosting.googleapis.com/v1beta1/projects/-/sites/vmnn-26345-stg/versions 200
[debug] [2026-03-01T13:11:04.535Z] <<< [apiv2][body] POST https://firebasehosting.googleapis.com/v1beta1/projects/-/sites/vmnn-26345-stg/versions {"name":"projects/861766418741/sites/vmnn-26345-stg/versions/67e629e8c758f642","status":"CREATED","config":{},"labels":{"deployment-tool":"cli-firebase"}}
[debug] [2026-03-01T13:11:04.536Z] Checked if tokens are valid: true, expires at: 1772373569503
[debug] [2026-03-01T13:11:04.536Z] Checked if tokens are valid: true, expires at: 1772373569503
[debug] [2026-03-01T13:11:04.536Z] >>> [apiv2][query] GET https://firebaserules.googleapis.com/v1/projects/vmnn-26345-stg/releases pageSize=10&pageToken=
[debug] [2026-03-01T13:11:05.685Z] <<< [apiv2][status] GET https://firebaserules.googleapis.com/v1/projects/vmnn-26345-stg/releases 200
[debug] [2026-03-01T13:11:05.685Z] <<< [apiv2][body] GET https://firebaserules.googleapis.com/v1/projects/vmnn-26345-stg/releases {"releases":[{"name":"projects/vmnn-26345-stg/releases/cloud.firestore","rulesetName":"projects/vmnn-26345-stg/rulesets/5e01eb10-3bcd-44e4-a135-4f6745962682","createTime":"2026-02-28T13:17:04.388489Z","updateTime":"2026-03-01T12:59:43.028662Z"},{"name":"projects/vmnn-26345-stg/releases/firebase.storage/vmnn-26345-stg.firebasestorage.app","rulesetName":"projects/vmnn-26345-stg/rulesets/d3c7d9f6-480b-4f10-a866-c35808804b9b","createTime":"2026-02-28T23:59:05.432233Z","updateTime":"2026-03-01T12:59:41.847589Z"}]}
[debug] [2026-03-01T13:11:05.693Z] Checked if tokens are valid: true, expires at: 1772373569503
[debug] [2026-03-01T13:11:05.693Z] Checked if tokens are valid: true, expires at: 1772373569503
[debug] [2026-03-01T13:11:05.693Z] >>> [apiv2][query] GET https://firebaserules.googleapis.com/v1/projects/vmnn-26345-stg/rulesets/d3c7d9f6-480b-4f10-a866-c35808804b9b [none]
[debug] [2026-03-01T13:11:06.702Z] <<< [apiv2][status] GET https://firebaserules.googleapis.com/v1/projects/vmnn-26345-stg/rulesets/d3c7d9f6-480b-4f10-a866-c35808804b9b 200
[debug] [2026-03-01T13:11:06.703Z] <<< [apiv2][body] GET https://firebaserules.googleapis.com/v1/projects/vmnn-26345-stg/rulesets/d3c7d9f6-480b-4f10-a866-c35808804b9b [omitted]
[info] i  storage: latest version of storage.rules already up to date, skipping upload... 
[debug] [2026-03-01T13:11:06.704Z] Checked if tokens are valid: true, expires at: 1772373569503
[debug] [2026-03-01T13:11:06.704Z] Checked if tokens are valid: true, expires at: 1772373569503
[debug] [2026-03-01T13:11:06.705Z] >>> [apiv2][query] GET https://firebaserules.googleapis.com/v1/projects/vmnn-26345-stg/releases pageSize=10&pageToken=
[debug] [2026-03-01T13:11:07.693Z] <<< [apiv2][status] GET https://firebaserules.googleapis.com/v1/projects/vmnn-26345-stg/releases 200
[debug] [2026-03-01T13:11:07.693Z] <<< [apiv2][body] GET https://firebaserules.googleapis.com/v1/projects/vmnn-26345-stg/releases {"releases":[{"name":"projects/vmnn-26345-stg/releases/cloud.firestore","rulesetName":"projects/vmnn-26345-stg/rulesets/5e01eb10-3bcd-44e4-a135-4f6745962682","createTime":"2026-02-28T13:17:04.388489Z","updateTime":"2026-03-01T12:59:43.028662Z"},{"name":"projects/vmnn-26345-stg/releases/firebase.storage/vmnn-26345-stg.firebasestorage.app","rulesetName":"projects/vmnn-26345-stg/rulesets/d3c7d9f6-480b-4f10-a866-c35808804b9b","createTime":"2026-02-28T23:59:05.432233Z","updateTime":"2026-03-01T12:59:41.847589Z"}]}
[debug] [2026-03-01T13:11:07.693Z] Checked if tokens are valid: true, expires at: 1772373569503
[debug] [2026-03-01T13:11:07.694Z] Checked if tokens are valid: true, expires at: 1772373569503
[debug] [2026-03-01T13:11:07.694Z] >>> [apiv2][query] GET https://firebaserules.googleapis.com/v1/projects/vmnn-26345-stg/rulesets/5e01eb10-3bcd-44e4-a135-4f6745962682 [none]
[debug] [2026-03-01T13:11:08.693Z] <<< [apiv2][status] GET https://firebaserules.googleapis.com/v1/projects/vmnn-26345-stg/rulesets/5e01eb10-3bcd-44e4-a135-4f6745962682 200
[debug] [2026-03-01T13:11:08.693Z] <<< [apiv2][body] GET https://firebaserules.googleapis.com/v1/projects/vmnn-26345-stg/rulesets/5e01eb10-3bcd-44e4-a135-4f6745962682 [omitted]
[info] i  firestore: latest version of firestore.rules already up to date, skipping upload... 
[info] i  firestore: deploying indexes... 
[info] i  hosting[vmnn-26345-stg]: beginning deploy... 
[info] i  hosting[vmnn-26345-stg]: found 12 files in dist 
[debug] [2026-03-01T13:11:08.703Z] [hosting] uploading with 200 concurrency
[debug] [2026-03-01T13:11:08.719Z] Checked if tokens are valid: true, expires at: 1772373569503
[debug] [2026-03-01T13:11:08.719Z] Checked if tokens are valid: true, expires at: 1772373569503
[debug] [2026-03-01T13:11:08.720Z] [hosting] hash cache [ZGlzdA] stored for 12 files
[debug] [2026-03-01T13:11:08.720Z] [hosting][hash queue][FINAL] {"max":11,"min":7,"avg":8.166666666666666,"active":0,"complete":12,"success":12,"errored":0,"retried":0,"total":12,"elapsed":16}
[debug] [2026-03-01T13:11:08.721Z] >>> [apiv2][query] POST https://firebasehosting.googleapis.com/v1beta1/projects/861766418741/sites/vmnn-26345-stg/versions/67e629e8c758f642:populateFiles [none]
[debug] [2026-03-01T13:11:08.721Z] >>> [apiv2][body] POST https://firebasehosting.googleapis.com/v1beta1/projects/861766418741/sites/vmnn-26345-stg/versions/67e629e8c758f642:populateFiles {"files":{"/viewer.html":"28eb2367316bb8cbf00916d6b575aebffb497b318963b2e8c5be0f8504cf37b8","/assets/variables-DqcYL0oh.js":"575f834a2f3271658ca2be6ba7796ad9c071ae5fa05b899e7b0a888a085901d2","/index.html":"b1175f09ab67b0d965941b8e33e556bfd8442b7c4fa8ee1fcfc0e156b622678b","/assets/viewer-Bngl3CNB.css":"0211c7bd65439a2b4955c3e84f2ca99490011fcf9b640807a570363bb25cb80a","/assets/variables--_bzwD7O.css":"5a546b00e1332462e3bf7ec46f634a7e449c68b1dc108a23aae57cb00fde4bd7","/assets/index-Byh0WrCO.css":"cd797396b1739bc2601f28f3f4e444afac183eb91cd53c9dda1d2437f25b6db8","/assets/viewer-Be3Nc4iF.js":"4e5616afb9473b8e87d53f0b6848373a955032a143574b716596945d842d4b52","/studio.html":"0da3d5a886f20aa518dc53539d785aae0a7963453ca0ada0e3fbbd2f61dcddc3","/assets/studio-4K98cWDJ.css":"7614e444a134bcda133372060b3dc9f04f7de7f897354b96e3b4596882ee938e","/assets/index-bWqCu2Pj.js":"e988f78e1e17db5225b5cb642b9b60150e0f8ac965eeceed83b5fa744efe52b4","/assets/studio-D_a3sHy9.js":"7ea6fb131587af20943a4c9375f28767f998ba719664b1af3a2297cb0521e630","/assets/export-Ck80cyXK.js":"33a9388971576f45247917531ab2deb1d62e1a5e86a3a35f3a1c7f256a5c2e22"}}
[debug] [2026-03-01T13:11:09.312Z] <<< [apiv2][status] POST https://firebasehosting.googleapis.com/v1beta1/projects/861766418741/sites/vmnn-26345-stg/versions/67e629e8c758f642:populateFiles 200
[debug] [2026-03-01T13:11:09.312Z] <<< [apiv2][body] POST https://firebasehosting.googleapis.com/v1beta1/projects/861766418741/sites/vmnn-26345-stg/versions/67e629e8c758f642:populateFiles {"uploadRequiredHashes":["4e5616afb9473b8e87d53f0b6848373a955032a143574b716596945d842d4b52","28eb2367316bb8cbf00916d6b575aebffb497b318963b2e8c5be0f8504cf37b8"],"uploadUrl":"https://upload-firebasehosting.googleapis.com/upload/sites/vmnn-26345-stg/versions/67e629e8c758f642/files"}
[debug] [2026-03-01T13:11:09.313Z] Checked if tokens are valid: true, expires at: 1772373569503
[debug] [2026-03-01T13:11:09.313Z] Checked if tokens are valid: true, expires at: 1772373569503
[debug] [2026-03-01T13:11:09.313Z] Checked if tokens are valid: true, expires at: 1772373569503
[debug] [2026-03-01T13:11:09.313Z] Checked if tokens are valid: true, expires at: 1772373569503
[debug] [2026-03-01T13:11:09.313Z] >>> [apiv2][query] POST https://upload-firebasehosting.googleapis.com/upload/sites/vmnn-26345-stg/versions/67e629e8c758f642/files/4e5616afb9473b8e87d53f0b6848373a955032a143574b716596945d842d4b52 [none]
[debug] [2026-03-01T13:11:09.314Z] >>> [apiv2][body] POST https://upload-firebasehosting.googleapis.com/upload/sites/vmnn-26345-stg/versions/67e629e8c758f642/files/4e5616afb9473b8e87d53f0b6848373a955032a143574b716596945d842d4b52 [stream]
[debug] [2026-03-01T13:11:09.315Z] >>> [apiv2][query] POST https://upload-firebasehosting.googleapis.com/upload/sites/vmnn-26345-stg/versions/67e629e8c758f642/files/28eb2367316bb8cbf00916d6b575aebffb497b318963b2e8c5be0f8504cf37b8 [none]
[debug] [2026-03-01T13:11:09.315Z] >>> [apiv2][body] POST https://upload-firebasehosting.googleapis.com/upload/sites/vmnn-26345-stg/versions/67e629e8c758f642/files/28eb2367316bb8cbf00916d6b575aebffb497b318963b2e8c5be0f8504cf37b8 [stream]
[debug] [2026-03-01T13:11:09.316Z] [hosting][populate queue][FINAL] {"max":594,"min":594,"avg":594,"active":0,"complete":1,"success":1,"errored":0,"retried":0,"total":1,"elapsed":597}
[debug] [2026-03-01T13:11:09.316Z] [hosting] uploads queued: 2
[debug] [2026-03-01T13:11:10.302Z] <<< [apiv2][status] POST https://upload-firebasehosting.googleapis.com/upload/sites/vmnn-26345-stg/versions/67e629e8c758f642/files/4e5616afb9473b8e87d53f0b6848373a955032a143574b716596945d842d4b52 200
[debug] [2026-03-01T13:11:10.302Z] <<< [apiv2][body] POST https://upload-firebasehosting.googleapis.com/upload/sites/vmnn-26345-stg/versions/67e629e8c758f642/files/4e5616afb9473b8e87d53f0b6848373a955032a143574b716596945d842d4b52 [stream]
[debug] [2026-03-01T13:11:10.325Z] <<< [apiv2][status] POST https://upload-firebasehosting.googleapis.com/upload/sites/vmnn-26345-stg/versions/67e629e8c758f642/files/28eb2367316bb8cbf00916d6b575aebffb497b318963b2e8c5be0f8504cf37b8 200
[debug] [2026-03-01T13:11:10.325Z] <<< [apiv2][body] POST https://upload-firebasehosting.googleapis.com/upload/sites/vmnn-26345-stg/versions/67e629e8c758f642/files/28eb2367316bb8cbf00916d6b575aebffb497b318963b2e8c5be0f8504cf37b8 [stream]
[debug] [2026-03-01T13:11:10.326Z] [hosting][upload queue][FINAL] {"max":1012,"min":990,"avg":1001,"active":0,"complete":2,"success":2,"errored":0,"retried":0,"total":2,"elapsed":1014}
[info] i  hosting: upload complete 
[info] +  hosting[vmnn-26345-stg]: file upload complete 
[debug] [2026-03-01T13:11:10.326Z] [hosting] deploy completed after 1630ms
[debug] [2026-03-01T13:11:10.326Z] [rules] releasing firebase.storage/vmnn-26345-stg.firebasestorage.app with ruleset projects/vmnn-26345-stg/rulesets/d3c7d9f6-480b-4f10-a866-c35808804b9b
[debug] [2026-03-01T13:11:10.326Z] Checked if tokens are valid: true, expires at: 1772373569503
[debug] [2026-03-01T13:11:10.326Z] Checked if tokens are valid: true, expires at: 1772373569503
[debug] [2026-03-01T13:11:10.326Z] >>> [apiv2][query] PATCH https://firebaserules.googleapis.com/v1/projects/vmnn-26345-stg/releases/firebase.storage/vmnn-26345-stg.firebasestorage.app [none]
[debug] [2026-03-01T13:11:10.326Z] >>> [apiv2][body] PATCH https://firebaserules.googleapis.com/v1/projects/vmnn-26345-stg/releases/firebase.storage/vmnn-26345-stg.firebasestorage.app {"release":{"name":"projects/vmnn-26345-stg/releases/firebase.storage/vmnn-26345-stg.firebasestorage.app","rulesetName":"projects/vmnn-26345-stg/rulesets/d3c7d9f6-480b-4f10-a866-c35808804b9b"}}
[debug] [2026-03-01T13:11:11.342Z] <<< [apiv2][status] PATCH https://firebaserules.googleapis.com/v1/projects/vmnn-26345-stg/releases/firebase.storage/vmnn-26345-stg.firebasestorage.app 200
[debug] [2026-03-01T13:11:11.342Z] <<< [apiv2][body] PATCH https://firebaserules.googleapis.com/v1/projects/vmnn-26345-stg/releases/firebase.storage/vmnn-26345-stg.firebasestorage.app {"name":"projects/vmnn-26345-stg/releases/firebase.storage/vmnn-26345-stg.firebasestorage.app","rulesetName":"projects/vmnn-26345-stg/rulesets/d3c7d9f6-480b-4f10-a866-c35808804b9b","createTime":"2026-02-28T23:59:05.432233Z","updateTime":"2026-03-01T13:11:11.535973Z"}
[debug] [2026-03-01T13:11:11.342Z] [rules] updated release projects/vmnn-26345-stg/releases/firebase.storage/vmnn-26345-stg.firebasestorage.app
[info] +  storage: released rules storage.rules to firebase.storage 
[debug] [2026-03-01T13:11:11.343Z] [rules] releasing cloud.firestore/(default) with ruleset projects/vmnn-26345-stg/rulesets/5e01eb10-3bcd-44e4-a135-4f6745962682
[debug] [2026-03-01T13:11:11.343Z] Checked if tokens are valid: true, expires at: 1772373569503
[debug] [2026-03-01T13:11:11.343Z] Checked if tokens are valid: true, expires at: 1772373569503
[debug] [2026-03-01T13:11:11.343Z] >>> [apiv2][query] PATCH https://firebaserules.googleapis.com/v1/projects/vmnn-26345-stg/releases/cloud.firestore/(default) [none]
[debug] [2026-03-01T13:11:11.343Z] >>> [apiv2][body] PATCH https://firebaserules.googleapis.com/v1/projects/vmnn-26345-stg/releases/cloud.firestore/(default) {"release":{"name":"projects/vmnn-26345-stg/releases/cloud.firestore/(default)","rulesetName":"projects/vmnn-26345-stg/rulesets/5e01eb10-3bcd-44e4-a135-4f6745962682"}}
[debug] [2026-03-01T13:11:12.502Z] <<< [apiv2][status] PATCH https://firebaserules.googleapis.com/v1/projects/vmnn-26345-stg/releases/cloud.firestore/(default) 200
[debug] [2026-03-01T13:11:12.502Z] <<< [apiv2][body] PATCH https://firebaserules.googleapis.com/v1/projects/vmnn-26345-stg/releases/cloud.firestore/(default) {"name":"projects/vmnn-26345-stg/releases/cloud.firestore","rulesetName":"projects/vmnn-26345-stg/rulesets/5e01eb10-3bcd-44e4-a135-4f6745962682","createTime":"2026-02-28T13:17:04.388489Z","updateTime":"2026-03-01T13:11:12.672309Z"}
[debug] [2026-03-01T13:11:12.502Z] [rules] updated release projects/vmnn-26345-stg/releases/cloud.firestore
[info] +  firestore: released rules firestore.rules to cloud.firestore 
[debug] [2026-03-01T13:11:12.502Z] [
  {
    "config": {
      "public": "dist",
      "ignore": [
        "firebase.json",
        "**/.*",
        "**/node_modules/**"
      ],
      "rewrites": [],
      "site": "vmnn-26345-stg"
    },
    "version": "projects/861766418741/sites/vmnn-26345-stg/versions/67e629e8c758f642"
  }
]
[info] i  hosting[vmnn-26345-stg]: finalizing version... 
[debug] [2026-03-01T13:11:12.503Z] Checked if tokens are valid: true, expires at: 1772373569503
[debug] [2026-03-01T13:11:12.503Z] Checked if tokens are valid: true, expires at: 1772373569503
[debug] [2026-03-01T13:11:12.503Z] >>> [apiv2][query] PATCH https://firebasehosting.googleapis.com/v1beta1/projects/-/sites/vmnn-26345-stg/versions/67e629e8c758f642 updateMask=status%2Cconfig
[debug] [2026-03-01T13:11:12.503Z] >>> [apiv2][body] PATCH https://firebasehosting.googleapis.com/v1beta1/projects/-/sites/vmnn-26345-stg/versions/67e629e8c758f642 {"status":"FINALIZED","config":{"rewrites":[]}}
[debug] [2026-03-01T13:11:13.294Z] <<< [apiv2][status] PATCH https://firebasehosting.googleapis.com/v1beta1/projects/-/sites/vmnn-26345-stg/versions/67e629e8c758f642 200
[debug] [2026-03-01T13:11:13.294Z] <<< [apiv2][body] PATCH https://firebasehosting.googleapis.com/v1beta1/projects/-/sites/vmnn-26345-stg/versions/67e629e8c758f642 {"name":"projects/861766418741/sites/vmnn-26345-stg/versions/67e629e8c758f642","status":"FINALIZED","config":{},"labels":{"deployment-tool":"cli-firebase"},"createTime":"2026-03-01T13:11:04.080292Z","createUser":{"email":"tetsujiriver@gmail.com"},"finalizeTime":"2026-03-01T13:11:13.423079Z","finalizeUser":{"email":"tetsujiriver@gmail.com"}}
[debug] [2026-03-01T13:11:13.295Z] [hosting] finalized version for vmnn-26345-stg:[object Object]
[info] +  hosting[vmnn-26345-stg]: version finalized 
[info] i  hosting[vmnn-26345-stg]: releasing new version... 
[debug] [2026-03-01T13:11:13.295Z] Checked if tokens are valid: true, expires at: 1772373569503
[debug] [2026-03-01T13:11:13.295Z] Checked if tokens are valid: true, expires at: 1772373569503
[debug] [2026-03-01T13:11:13.295Z] >>> [apiv2][query] POST https://firebasehosting.googleapis.com/v1beta1/projects/-/sites/vmnn-26345-stg/channels/live/releases versionName=projects%2F861766418741%2Fsites%2Fvmnn-26345-stg%2Fversions%2F67e629e8c758f642
[debug] [2026-03-01T13:11:13.295Z] >>> [apiv2][body] POST https://firebasehosting.googleapis.com/v1beta1/projects/-/sites/vmnn-26345-stg/channels/live/releases {}
[debug] [2026-03-01T13:11:14.055Z] <<< [apiv2][status] POST https://firebasehosting.googleapis.com/v1beta1/projects/-/sites/vmnn-26345-stg/channels/live/releases 200
[debug] [2026-03-01T13:11:14.056Z] <<< [apiv2][body] POST https://firebasehosting.googleapis.com/v1beta1/projects/-/sites/vmnn-26345-stg/channels/live/releases {"name":"projects/861766418741/sites/vmnn-26345-stg/channels/live/releases/1772370673489000","version":{"name":"projects/861766418741/sites/vmnn-26345-stg/versions/67e629e8c758f642","status":"FINALIZED","config":{},"labels":{"deployment-tool":"cli-firebase"},"createTime":"2026-03-01T13:11:04.080292Z","createUser":{"email":"tetsujiriver@gmail.com","imageUrl":"https://lh3.googleusercontent.com/a/ACg8ocKz-7yytph9vlC2nzYtnW0fkfE-oFWwGYopx-UGs2F79YUg4x7Bhg"},"finalizeTime":"2026-03-01T13:11:13.423079Z","finalizeUser":{"email":"tetsujiriver@gmail.com","imageUrl":"https://lh3.googleusercontent.com/a/ACg8ocKz-7yytph9vlC2nzYtnW0fkfE-oFWwGYopx-UGs2F79YUg4x7Bhg"}},"type":"DEPLOY","releaseTime":"2026-03-01T13:11:13.489Z","releaseUser":{"email":"tetsujiriver@gmail.com","imageUrl":"https://lh3.googleusercontent.com/a/ACg8ocKz-7yytph9vlC2nzYtnW0fkfE-oFWwGYopx-UGs2F79YUg4x7Bhg"}}
[debug] [2026-03-01T13:11:14.056Z] [hosting] release: {"name":"projects/861766418741/sites/vmnn-26345-stg/channels/live/releases/1772370673489000","version":{"name":"projects/861766418741/sites/vmnn-26345-stg/versions/67e629e8c758f642","status":"FINALIZED","config":{},"labels":{"deployment-tool":"cli-firebase"},"createTime":"2026-03-01T13:11:04.080292Z","createUser":{"email":"tetsujiriver@gmail.com","imageUrl":"https://lh3.googleusercontent.com/a/ACg8ocKz-7yytph9vlC2nzYtnW0fkfE-oFWwGYopx-UGs2F79YUg4x7Bhg"},"finalizeTime":"2026-03-01T13:11:13.423079Z","finalizeUser":{"email":"tetsujiriver@gmail.com","imageUrl":"https://lh3.googleusercontent.com/a/ACg8ocKz-7yytph9vlC2nzYtnW0fkfE-oFWwGYopx-UGs2F79YUg4x7Bhg"}},"type":"DEPLOY","releaseTime":"2026-03-01T13:11:13.489Z","releaseUser":{"email":"tetsujiriver@gmail.com","imageUrl":"https://lh3.googleusercontent.com/a/ACg8ocKz-7yytph9vlC2nzYtnW0fkfE-oFWwGYopx-UGs2F79YUg4x7Bhg"}}
[info] +  hosting[vmnn-26345-stg]: release complete 
[info] 
[info] +  Deploy complete! 
[info] 
[info] Project Console: https://console.firebase.google.com/project/vmnn-26345-stg/overview
[info] Hosting URL: https://vmnn-26345-stg.web.app
